<?xml version="1.0" encoding="UTF-8"?>
<!-- Generated by org.testng.reporters.JUnitReportReporter -->
<testsuite hostname="LAPTOP-94C6T78D" name="GitTest.GitTest" tests="1" failures="0" timestamp="19 Jul 2019 05:30:37 GMT" time="28.734" errors="0">
  <testcase name="bing" time="28.734" classname="GitTest.GitTest"/>
</testsuite> <!-- GitTest.GitTest -->
